<?xml version="1.0" encoding="UTF-8"?>
<testsuite xmlns:xsi="http://www.w3.org/2001/XMLSchema-instance" xsi:noNamespaceSchemaLocation="https://maven.apache.org/surefire/maven-surefire-plugin/xsd/surefire-test-report.xsd" name="com.viasat.ksqlstudio.AppTest" time="0.39" tests="4" errors="4" skipped="0" failures="0">
  <properties>
    <property name="sun.desktop" value="gnome"/>
    <property name="awt.toolkit" value="sun.awt.X11.XToolkit"/>
    <property name="java.specification.version" value="12"/>
    <property name="sun.jnu.encoding" value="UTF-8"/>
    <property name="java.class.path" value="/home/aidan/IdeaProjects/KsqlDBStudio/KsqlStudio/target/test-classes:/home/aidan/IdeaProjects/KsqlDBStudio/KsqlStudio/target/classes:/home/aidan/.m2/repository/junit/junit/4.11/junit-4.11.jar:/home/aidan/.m2/repository/org/hamcrest/hamcrest-core/1.3/hamcrest-core-1.3.jar:/home/aidan/.m2/repository/org/openjfx/javafx-controls/16-ea+2/javafx-controls-16-ea+2.jar:/home/aidan/.m2/repository/org/openjfx/javafx-controls/16-ea+2/javafx-controls-16-ea+2-linux.jar:/home/aidan/.m2/repository/org/openjfx/javafx-graphics/16-ea+2/javafx-graphics-16-ea+2.jar:/home/aidan/.m2/repository/org/openjfx/javafx-graphics/16-ea+2/javafx-graphics-16-ea+2-linux.jar:/home/aidan/.m2/repository/org/openjfx/javafx-base/16-ea+2/javafx-base-16-ea+2.jar:/home/aidan/.m2/repository/org/openjfx/javafx-base/16-ea+2/javafx-base-16-ea+2-linux.jar:/home/aidan/.m2/repository/org/openjfx/javafx-fxml/16-ea+2/javafx-fxml-16-ea+2.jar:/home/aidan/.m2/repository/org/openjfx/javafx-fxml/16-ea+2/javafx-fxml-16-ea+2-linux.jar:/home/aidan/.m2/repository/com/google/code/gson/gson/2.8.6/gson-2.8.6.jar:/home/aidan/.m2/repository/org/fxmisc/richtext/richtextfx/0.10.5/richtextfx-0.10.5.jar:/home/aidan/.m2/repository/org/reactfx/reactfx/2.0-M5/reactfx-2.0-M5.jar:/home/aidan/.m2/repository/org/fxmisc/flowless/flowless/0.6.1/flowless-0.6.1.jar:/home/aidan/.m2/repository/org/fxmisc/wellbehaved/wellbehavedfx/0.3.3/wellbehavedfx-0.3.3.jar:/home/aidan/.m2/repository/org/fxmisc/undo/undofx/2.1.0/undofx-2.1.0.jar:"/>
    <property name="java.vm.vendor" value="Private Build"/>
    <property name="sun.arch.data.model" value="64"/>
    <property name="java.vendor.url" value="Unknown"/>
    <property name="os.name" value="Linux"/>
    <property name="java.vm.specification.version" value="12"/>
    <property name="sun.java.launcher" value="SUN_STANDARD"/>
    <property name="user.country" value="US"/>
    <property name="sun.boot.library.path" value="/usr/lib/jvm/java-12-openjdk-amd64/lib"/>
    <property name="sun.java.command" value="/home/aidan/IdeaProjects/KsqlDBStudio/KsqlStudio/target/surefire/surefirebooter1586080211323342858.jar /home/aidan/IdeaProjects/KsqlDBStudio/KsqlStudio/target/surefire 2020-10-05T22-31-30_428-jvmRun1 surefire5625844271207561575tmp surefire_07403526559463182161tmp"/>
    <property name="jdk.debug" value="release"/>
    <property name="surefire.test.class.path" value="/home/aidan/IdeaProjects/KsqlDBStudio/KsqlStudio/target/test-classes:/home/aidan/IdeaProjects/KsqlDBStudio/KsqlStudio/target/classes:/home/aidan/.m2/repository/junit/junit/4.11/junit-4.11.jar:/home/aidan/.m2/repository/org/hamcrest/hamcrest-core/1.3/hamcrest-core-1.3.jar:/home/aidan/.m2/repository/org/openjfx/javafx-controls/16-ea+2/javafx-controls-16-ea+2.jar:/home/aidan/.m2/repository/org/openjfx/javafx-controls/16-ea+2/javafx-controls-16-ea+2-linux.jar:/home/aidan/.m2/repository/org/openjfx/javafx-graphics/16-ea+2/javafx-graphics-16-ea+2.jar:/home/aidan/.m2/repository/org/openjfx/javafx-graphics/16-ea+2/javafx-graphics-16-ea+2-linux.jar:/home/aidan/.m2/repository/org/openjfx/javafx-base/16-ea+2/javafx-base-16-ea+2.jar:/home/aidan/.m2/repository/org/openjfx/javafx-base/16-ea+2/javafx-base-16-ea+2-linux.jar:/home/aidan/.m2/repository/org/openjfx/javafx-fxml/16-ea+2/javafx-fxml-16-ea+2.jar:/home/aidan/.m2/repository/org/openjfx/javafx-fxml/16-ea+2/javafx-fxml-16-ea+2-linux.jar:/home/aidan/.m2/repository/com/google/code/gson/gson/2.8.6/gson-2.8.6.jar:/home/aidan/.m2/repository/org/fxmisc/richtext/richtextfx/0.10.5/richtextfx-0.10.5.jar:/home/aidan/.m2/repository/org/reactfx/reactfx/2.0-M5/reactfx-2.0-M5.jar:/home/aidan/.m2/repository/org/fxmisc/flowless/flowless/0.6.1/flowless-0.6.1.jar:/home/aidan/.m2/repository/org/fxmisc/wellbehaved/wellbehavedfx/0.3.3/wellbehavedfx-0.3.3.jar:/home/aidan/.m2/repository/org/fxmisc/undo/undofx/2.1.0/undofx-2.1.0.jar:"/>
    <property name="sun.cpu.endian" value="little"/>
    <property name="user.home" value="/home/aidan"/>
    <property name="user.language" value="en"/>
    <property name="java.specification.vendor" value="Oracle Corporation"/>
    <property name="java.version.date" value="2019-07-16"/>
    <property name="java.home" value="/usr/lib/jvm/java-12-openjdk-amd64"/>
    <property name="file.separator" value="/"/>
    <property name="basedir" value="/home/aidan/IdeaProjects/KsqlDBStudio/KsqlStudio"/>
    <property name="java.vm.compressedOopsMode" value="Zero based"/>
    <property name="line.separator" value="&#10;"/>
    <property name="java.specification.name" value="Java Platform API Specification"/>
    <property name="java.vm.specification.vendor" value="Oracle Corporation"/>
    <property name="java.awt.graphicsenv" value="sun.awt.X11GraphicsEnvironment"/>
    <property name="surefire.real.class.path" value="/home/aidan/IdeaProjects/KsqlDBStudio/KsqlStudio/target/surefire/surefirebooter1586080211323342858.jar"/>
    <property name="sun.management.compiler" value="HotSpot 64-Bit Tiered Compilers"/>
    <property name="java.runtime.version" value="12.0.2+9-Ubuntu-2ubuntu2"/>
    <property name="user.name" value="aidan"/>
    <property name="path.separator" value=":"/>
    <property name="os.version" value="5.4.0-48-generic"/>
    <property name="java.runtime.name" value="OpenJDK Runtime Environment"/>
    <property name="file.encoding" value="UTF-8"/>
    <property name="java.vm.name" value="OpenJDK 64-Bit Server VM"/>
    <property name="localRepository" value="/home/aidan/.m2/repository"/>
    <property name="java.vendor.url.bug" value="Unknown"/>
    <property name="java.io.tmpdir" value="/tmp"/>
    <property name="java.version" value="12.0.2"/>
    <property name="user.dir" value="/home/aidan/IdeaProjects/KsqlDBStudio/KsqlStudio"/>
    <property name="os.arch" value="amd64"/>
    <property name="java.vm.specification.name" value="Java Virtual Machine Specification"/>
    <property name="java.library.path" value="/usr/java/packages/lib:/usr/lib/x86_64-linux-gnu/jni:/lib/x86_64-linux-gnu:/usr/lib/x86_64-linux-gnu:/usr/lib/jni:/lib:/usr/lib"/>
    <property name="java.vm.info" value="mixed mode"/>
    <property name="java.vendor" value="Private Build"/>
    <property name="java.vm.version" value="12.0.2+9-Ubuntu-2ubuntu2"/>
    <property name="sun.io.unicode.encoding" value="UnicodeLittle"/>
    <property name="java.class.version" value="56.0"/>
  </properties>
  <testcase name="testCreateStream" classname="com.viasat.ksqlstudio.AppTest" time="0.266">
    <error message="invalid URI scheme localhost" type="java.lang.IllegalArgumentException">java.lang.IllegalArgumentException: invalid URI scheme localhost
	at com.viasat.ksqlstudio.AppTest.testCreateStream(AppTest.java:56)
</error>
  </testcase>
  <testcase name="testLists" classname="com.viasat.ksqlstudio.AppTest" time="0.071">
    <error message="Connection refused" type="java.net.ConnectException">java.net.ConnectException: Connection refused
	at com.viasat.ksqlstudio.AppTest.testLists(AppTest.java:27)
Caused by: java.net.ConnectException: Connection refused
</error>
  </testcase>
  <testcase name="testQuery" classname="com.viasat.ksqlstudio.AppTest" time="0.006">
    <error message="invalid URI scheme localhost" type="java.lang.IllegalArgumentException">java.lang.IllegalArgumentException: invalid URI scheme localhost
	at com.viasat.ksqlstudio.AppTest.testQuery(AppTest.java:69)
</error>
  </testcase>
  <testcase name="testDropStream" classname="com.viasat.ksqlstudio.AppTest" time="0.008">
    <error message="invalid URI scheme localhost" type="java.lang.IllegalArgumentException">java.lang.IllegalArgumentException: invalid URI scheme localhost
	at com.viasat.ksqlstudio.AppTest.testDropStream(AppTest.java:49)
</error>
  </testcase>
</testsuite>